  main.cpp
C:\Users\bryan\Desktop\graficas1_ucv\base_code1\src\main.cpp(114,18): warning C4244: 'initializing': conversion from 'int' to 'float', possible loss of data
C:\Users\bryan\Desktop\graficas1_ucv\base_code1\src\main.cpp(115,18): warning C4244: 'initializing': conversion from 'int' to 'float', possible loss of data
C:\Users\bryan\Desktop\graficas1_ucv\base_code1\src\main.cpp(124,21): warning C4244: 'initializing': conversion from 'int' to 'float', possible loss of data
C:\Users\bryan\Desktop\graficas1_ucv\base_code1\src\main.cpp(140,21): warning C4244: 'initializing': conversion from 'int' to 'float', possible loss of data
C:\Users\bryan\Desktop\graficas1_ucv\base_code1\src\main.cpp(180,34): warning C4244: 'argument': conversion from 'int64_t' to 'int', possible loss of data
C:\Users\bryan\Desktop\graficas1_ucv\base_code1\src\main.cpp(180,31): warning C4244: 'argument': conversion from 'int64_t' to 'int', possible loss of data
C:\Users\bryan\Desktop\graficas1_ucv\base_code1\src\main.cpp(190,38): warning C4244: 'argument': conversion from 'int64_t' to 'int', possible loss of data
C:\Users\bryan\Desktop\graficas1_ucv\base_code1\src\main.cpp(190,35): warning C4244: 'argument': conversion from 'int64_t' to 'int', possible loss of data
C:\Users\bryan\Desktop\graficas1_ucv\base_code1\src\main.cpp(204,38): warning C4244: 'argument': conversion from 'int64_t' to 'int', possible loss of data
C:\Users\bryan\Desktop\graficas1_ucv\base_code1\src\main.cpp(204,35): warning C4244: 'argument': conversion from 'int64_t' to 'int', possible loss of data
C:\Users\bryan\Desktop\graficas1_ucv\base_code1\src\main.cpp(208,40): warning C4244: 'argument': conversion from 'int64_t' to 'int', possible loss of data
C:\Users\bryan\Desktop\graficas1_ucv\base_code1\src\main.cpp(208,28): warning C4244: 'argument': conversion from 'int64_t' to 'int', possible loss of data
C:\Users\bryan\Desktop\graficas1_ucv\base_code1\src\main.cpp(239,34): warning C4244: 'argument': conversion from 'int64_t' to 'int', possible loss of data
C:\Users\bryan\Desktop\graficas1_ucv\base_code1\src\main.cpp(239,31): warning C4244: 'argument': conversion from 'int64_t' to 'int', possible loss of data
C:\Users\bryan\Desktop\graficas1_ucv\base_code1\src\main.cpp(255,38): warning C4244: 'argument': conversion from 'int64_t' to 'int', possible loss of data
C:\Users\bryan\Desktop\graficas1_ucv\base_code1\src\main.cpp(255,35): warning C4244: 'argument': conversion from 'int64_t' to 'int', possible loss of data
C:\Users\bryan\Desktop\graficas1_ucv\base_code1\src\main.cpp(275,38): warning C4244: 'argument': conversion from 'int64_t' to 'int', possible loss of data
C:\Users\bryan\Desktop\graficas1_ucv\base_code1\src\main.cpp(275,35): warning C4244: 'argument': conversion from 'int64_t' to 'int', possible loss of data
C:\Users\bryan\Desktop\graficas1_ucv\base_code1\src\main.cpp(279,40): warning C4244: 'argument': conversion from 'int64_t' to 'int', possible loss of data
C:\Users\bryan\Desktop\graficas1_ucv\base_code1\src\main.cpp(279,28): warning C4244: 'argument': conversion from 'int64_t' to 'int', possible loss of data
C:\Users\bryan\Desktop\graficas1_ucv\base_code1\src\main.cpp(480,41): warning C4390: ';': empty controlled statement found; is this the intent?
C:\Users\bryan\Desktop\graficas1_ucv\base_code1\src\main.cpp(504,24): warning C4244: '=': conversion from 'double' to 'int', possible loss of data
C:\Users\bryan\Desktop\graficas1_ucv\base_code1\src\main.cpp(505,24): warning C4244: '=': conversion from 'double' to 'int', possible loss of data
C:\Users\bryan\Desktop\graficas1_ucv\base_code1\src\main.cpp(506,38): warning C4244: '=': conversion from 'double' to 'int', possible loss of data
C:\Users\bryan\Desktop\graficas1_ucv\base_code1\src\main.cpp(507,38): warning C4244: '=': conversion from 'double' to 'int', possible loss of data
C:\Users\bryan\Desktop\graficas1_ucv\base_code1\src\main.cpp(524,20): warning C4244: '=': conversion from 'double' to 'int', possible loss of data
C:\Users\bryan\Desktop\graficas1_ucv\base_code1\src\main.cpp(525,34): warning C4244: '=': conversion from 'double' to 'int', possible loss of data
  Generating code
  1 of 2145 functions (<0.1%) were compiled, the rest were copied from previous compilation.
    0 functions were new in current compilation
    44 functions had inline decision re-evaluated but remain unchanged
  Finished generating code
  Proyecto1.vcxproj -> C:\Users\bryan\Desktop\graficas1_ucv\base_code1\x64\Release\Proyecto1.exe
